ERROR - 2022-05-19 12:34:54 --> Array
(
    [id] => 
    [id_actividad] => 3
    [num_personas] => 1
    [precio] => 10000
    [fecha] => 2022-05-19 12:34:54
    [fecha_realizacion] => 2022-05-01 16:17:05
)

ERROR - 2022-05-19 12:35:12 --> Array
(
    [id] => 
    [id_actividad] => 3
    [num_personas] => 1
    [precio] => 10000
    [fecha] => 2022-05-19 12:35:12
    [fecha_realizacion] => 2022-05-01 16:17:05
)

ERROR - 2022-05-19 12:35:29 --> Array
(
    [id] => 
    [id_actividad] => 2
    [num_personas] => 1
    [precio] => 2500
    [fecha] => 2022-05-19 12:35:29
    [fecha_realizacion] => 2022-05-01 16:16:26
)

ERROR - 2022-05-19 12:36:42 --> Array
(
    [id] => 
    [id_actividad] => 4
    [num_personas] => 10
    [precio] => 9500
    [fecha] => 2022-05-19 12:36:42
    [fecha_realizacion] => 2022-05-07 16:18:19
)

ERROR - 2022-05-19 12:36:53 --> Array
(
    [id] => 
    [id_actividad] => 1
    [num_personas] => 10
    [precio] => 15000
    [fecha] => 2022-05-19 12:36:53
    [fecha_realizacion] => 2022-05-07 16:16:06
)

ERROR - 2022-05-19 12:39:32 --> Array
(
    [id] => 
    [id_actividad] => 3
    [num_personas] => 10
    [precio] => 100000
    [fecha] => 2022-05-19 12:39:32
    [fecha_realizacion] => 2022-05-01 16:17:05
)

